  FileName.cpp
C:\Munka\pr2-work\lab-05\FileName.cpp(35,7): error C2679: binary '<<': no operator found which takes a right-hand operand of type 'void' (or there is no acceptable conversion)
  C:\Program Files\Microsoft Visual Studio\2022\Community\VC\Tools\MSVC\14.39.33519\include\ostream(480,39):
  could be 'std::basic_ostream<char,std::char_traits<char>> &std::basic_ostream<char,std::char_traits<char>>::operator <<(std::basic_streambuf<char,std::char_traits<char>> *)'
  	C:\Munka\pr2-work\lab-05\FileName.cpp(35,7):
  	'std::basic_ostream<char,std::char_traits<char>> &std::basic_ostream<char,std::char_traits<char>>::operator <<(std::basic_streambuf<char,std::char_traits<char>> *)': cannot convert argument 2 from 'void' to 'std::basic_streambuf<char,std::char_traits<char>> *'
  		C:\Munka\pr2-work\lab-05\FileName.cpp(35,32):
  		Expressions of type void cannot be converted to other types
  C:\Program Files\Microsoft Visual Studio\2022\Community\VC\Tools\MSVC\14.39.33519\include\ostream(448,39):
  or       'std::basic_ostream<char,std::char_traits<char>> &std::basic_ostream<char,std::char_traits<char>>::operator <<(const void *)'
  	C:\Munka\pr2-work\lab-05\FileName.cpp(35,7):
  	'std::basic_ostream<char,std::char_traits<char>> &std::basic_ostream<char,std::char_traits<char>>::operator <<(const void *)': cannot convert argument 2 from 'void' to 'const void *'
  		C:\Munka\pr2-work\lab-05\FileName.cpp(35,32):
  		Expressions of type void cannot be converted to other types
  C:\Program Files\Microsoft Visual Studio\2022\Community\VC\Tools\MSVC\14.39.33519\include\ostream(430,39):
  or       'std::basic_ostream<char,std::char_traits<char>> &std::basic_ostream<char,std::char_traits<char>>::operator <<(long double)'
  	C:\Munka\pr2-work\lab-05\FileName.cpp(35,7):
  	'std::basic_ostream<char,std::char_traits<char>> &std::basic_ostream<char,std::char_traits<char>>::operator <<(long double)': cannot convert argument 2 from 'void' to 'long double'
  		C:\Munka\pr2-work\lab-05\FileName.cpp(35,32):
  		Expressions of type void cannot be converted to other types
  C:\Program Files\Microsoft Visual Studio\2022\Community\VC\Tools\MSVC\14.39.33519\include\ostream(412,39):
  or       'std::basic_ostream<char,std::char_traits<char>> &std::basic_ostream<char,std::char_traits<char>>::operator <<(double)'
  	C:\Munka\pr2-work\lab-05\FileName.cpp(35,7):
  	'std::basic_ostream<char,std::char_traits<char>> &std::basic_ostream<char,std::char_traits<char>>::operator <<(double)': cannot convert argument 2 from 'void' to 'double'
  		C:\Munka\pr2-work\lab-05\FileName.cpp(35,32):
  		Expressions of type void cannot be converted to other types
  C:\Program Files\Microsoft Visual Studio\2022\Community\VC\Tools\MSVC\14.39.33519\include\ostream(394,39):
  or       'std::basic_ostream<char,std::char_traits<char>> &std::basic_ostream<char,std::char_traits<char>>::operator <<(float)'
  	C:\Munka\pr2-work\lab-05\FileName.cpp(35,7):
  	'std::basic_ostream<char,std::char_traits<char>> &std::basic_ostream<char,std::char_traits<char>>::operator <<(float)': cannot convert argument 2 from 'void' to 'float'
  		C:\Munka\pr2-work\lab-05\FileName.cpp(35,32):
  		Expressions of type void cannot be converted to other types
  C:\Program Files\Microsoft Visual Studio\2022\Community\VC\Tools\MSVC\14.39.33519\include\ostream(376,39):
  or       'std::basic_ostream<char,std::char_traits<char>> &std::basic_ostream<char,std::char_traits<char>>::operator <<(unsigned __int64)'
  	C:\Munka\pr2-work\lab-05\FileName.cpp(35,7):
  	'std::basic_ostream<char,std::char_traits<char>> &std::basic_ostream<char,std::char_traits<char>>::operator <<(unsigned __int64)': cannot convert argument 2 from 'void' to 'unsigned __int64'
  		C:\Munka\pr2-work\lab-05\FileName.cpp(35,32):
  		Expressions of type void cannot be converted to other types
  C:\Program Files\Microsoft Visual Studio\2022\Community\VC\Tools\MSVC\14.39.33519\include\ostream(358,39):
  or       'std::basic_ostream<char,std::char_traits<char>> &std::basic_ostream<char,std::char_traits<char>>::operator <<(__int64)'
  	C:\Munka\pr2-work\lab-05\FileName.cpp(35,7):
  	'std::basic_ostream<char,std::char_traits<char>> &std::basic_ostream<char,std::char_traits<char>>::operator <<(__int64)': cannot convert argument 2 from 'void' to '__int64'
  		C:\Munka\pr2-work\lab-05\FileName.cpp(35,32):
  		Expressions of type void cannot be converted to other types
  C:\Program Files\Microsoft Visual Studio\2022\Community\VC\Tools\MSVC\14.39.33519\include\ostream(340,39):
  or       'std::basic_ostream<char,std::char_traits<char>> &std::basic_ostream<char,std::char_traits<char>>::operator <<(unsigned long)'
  	C:\Munka\pr2-work\lab-05\FileName.cpp(35,7):
  	'std::basic_ostream<char,std::char_traits<char>> &std::basic_ostream<char,std::char_traits<char>>::operator <<(unsigned long)': cannot convert argument 2 from 'void' to 'unsigned long'
  		C:\Munka\pr2-work\lab-05\FileName.cpp(35,32):
  		Expressions of type void cannot be converted to other types
  C:\Program Files\Microsoft Visual Studio\2022\Community\VC\Tools\MSVC\14.39.33519\include\ostream(322,39):
  or       'std::basic_ostream<char,std::char_traits<char>> &std::basic_ostream<char,std::char_traits<char>>::operator <<(long)'
  	C:\Munka\pr2-work\lab-05\FileName.cpp(35,7):
  	'std::basic_ostream<char,std::char_traits<char>> &std::basic_ostream<char,std::char_traits<char>>::operator <<(long)': cannot convert argument 2 from 'void' to 'long'
  		C:\Munka\pr2-work\lab-05\FileName.cpp(35,32):
  		Expressions of type void cannot be converted to other types
  C:\Program Files\Microsoft Visual Studio\2022\Community\VC\Tools\MSVC\14.39.33519\include\ostream(303,39):
  or       'std::basic_ostream<char,std::char_traits<char>> &std::basic_ostream<char,std::char_traits<char>>::operator <<(unsigned int)'
  	C:\Munka\pr2-work\lab-05\FileName.cpp(35,7):
  	'std::basic_ostream<char,std::char_traits<char>> &std::basic_ostream<char,std::char_traits<char>>::operator <<(unsigned int)': cannot convert argument 2 from 'void' to 'unsigned int'
  		C:\Munka\pr2-work\lab-05\FileName.cpp(35,32):
  		Expressions of type void cannot be converted to other types
  C:\Program Files\Microsoft Visual Studio\2022\Community\VC\Tools\MSVC\14.39.33519\include\ostream(277,39):
  or       'std::basic_ostream<char,std::char_traits<char>> &std::basic_ostream<char,std::char_traits<char>>::operator <<(int)'
  	C:\Munka\pr2-work\lab-05\FileName.cpp(35,7):
  	'std::basic_ostream<char,std::char_traits<char>> &std::basic_ostream<char,std::char_traits<char>>::operator <<(int)': cannot convert argument 2 from 'void' to 'int'
  		C:\Munka\pr2-work\lab-05\FileName.cpp(35,32):
  		Expressions of type void cannot be converted to other types
  C:\Program Files\Microsoft Visual Studio\2022\Community\VC\Tools\MSVC\14.39.33519\include\ostream(258,39):
  or       'std::basic_ostream<char,std::char_traits<char>> &std::basic_ostream<char,std::char_traits<char>>::operator <<(unsigned short)'
  	C:\Munka\pr2-work\lab-05\FileName.cpp(35,7):
  	'std::basic_ostream<char,std::char_traits<char>> &std::basic_ostream<char,std::char_traits<char>>::operator <<(unsigned short)': cannot convert argument 2 from 'void' to 'unsigned short'
  		C:\Munka\pr2-work\lab-05\FileName.cpp(35,32):
  		Expressions of type void cannot be converted to other types
  C:\Program Files\Microsoft Visual Studio\2022\Community\VC\Tools\MSVC\14.39.33519\include\ostream(224,39):
  or       'std::basic_ostream<char,std::char_traits<char>> &std::basic_ostream<char,std::char_traits<char>>::operator <<(short)'
  	C:\Munka\pr2-work\lab-05\FileName.cpp(35,7):
  	'std::basic_ostream<char,std::char_traits<char>> &std::basic_ostream<char,std::char_traits<char>>::operator <<(short)': cannot convert argument 2 from 'void' to 'short'
  		C:\Munka\pr2-work\lab-05\FileName.cpp(35,32):
  		Expressions of type void cannot be converted to other types
  C:\Program Files\Microsoft Visual Studio\2022\Community\VC\Tools\MSVC\14.39.33519\include\ostream(206,39):
  or       'std::basic_ostream<char,std::char_traits<char>> &std::basic_ostream<char,std::char_traits<char>>::operator <<(bool)'
  	C:\Munka\pr2-work\lab-05\FileName.cpp(35,7):
  	'std::basic_ostream<char,std::char_traits<char>> &std::basic_ostream<char,std::char_traits<char>>::operator <<(bool)': cannot convert argument 2 from 'void' to 'bool'
  		C:\Munka\pr2-work\lab-05\FileName.cpp(35,32):
  		Expressions of type void cannot be converted to other types
  C:\Program Files\Microsoft Visual Studio\2022\Community\VC\Tools\MSVC\14.39.33519\include\ostream(200,39):
  or       'std::basic_ostream<char,std::char_traits<char>> &std::basic_ostream<char,std::char_traits<char>>::operator <<(std::ios_base &(__cdecl *)(std::ios_base &))'
  	C:\Munka\pr2-work\lab-05\FileName.cpp(35,7):
  	'std::basic_ostream<char,std::char_traits<char>> &std::basic_ostream<char,std::char_traits<char>>::operator <<(std::ios_base &(__cdecl *)(std::ios_base &))': cannot convert argument 2 from 'void' to 'std::ios_base &(__cdecl *)(std::ios_base &)'
  		C:\Munka\pr2-work\lab-05\FileName.cpp(35,32):
  		Expressions of type void cannot be converted to other types
  C:\Program Files\Microsoft Visual Studio\2022\Community\VC\Tools\MSVC\14.39.33519\include\ostream(194,39):
  or       'std::basic_ostream<char,std::char_traits<char>> &std::basic_ostream<char,std::char_traits<char>>::operator <<(std::basic_ios<char,std::char_traits<char>> &(__cdecl *)(std::basic_ios<char,std::char_traits<char>> &))'
  	C:\Munka\pr2-work\lab-05\FileName.cpp(35,7):
  	'std::basic_ostream<char,std::char_traits<char>> &std::basic_ostream<char,std::char_traits<char>>::operator <<(std::basic_ios<char,std::char_traits<char>> &(__cdecl *)(std::basic_ios<char,std::char_traits<char>> &))': cannot convert argument 2 from 'void' to 'std::basic_ios<char,std::char_traits<char>> &(__cdecl *)(std::basic_ios<char,std::char_traits<char>> &)'
  		C:\Munka\pr2-work\lab-05\FileName.cpp(35,32):
  		Expressions of type void cannot be converted to other types
  C:\Program Files\Microsoft Visual Studio\2022\Community\VC\Tools\MSVC\14.39.33519\include\ostream(189,39):
  or       'std::basic_ostream<char,std::char_traits<char>> &std::basic_ostream<char,std::char_traits<char>>::operator <<(std::basic_ostream<char,std::char_traits<char>> &(__cdecl *)(std::basic_ostream<char,std::char_traits<char>> &))'
  	C:\Munka\pr2-work\lab-05\FileName.cpp(35,7):
  	'std::basic_ostream<char,std::char_traits<char>> &std::basic_ostream<char,std::char_traits<char>>::operator <<(std::basic_ostream<char,std::char_traits<char>> &(__cdecl *)(std::basic_ostream<char,std::char_traits<char>> &))': cannot convert argument 2 from 'void' to 'std::basic_ostream<char,std::char_traits<char>> &(__cdecl *)(std::basic_ostream<char,std::char_traits<char>> &)'
  		C:\Munka\pr2-work\lab-05\FileName.cpp(35,32):
  		Expressions of type void cannot be converted to other types
  C:\Program Files\Microsoft Visual Studio\2022\Community\VC\Tools\MSVC\14.39.33519\include\ostream(1080,32):
  or       'std::basic_ostream<_Elem,_Traits> &std::operator <<(std::basic_ostream<_Elem,_Traits> &,const std::error_code &)'
  	C:\Munka\pr2-work\lab-05\FileName.cpp(35,32):
  	'initializing': cannot convert from 'void' to 'const std::error_code &'
  		C:\Munka\pr2-work\lab-05\FileName.cpp(35,32):
  		Expressions of type void cannot be converted to other types
  C:\Program Files\Microsoft Visual Studio\2022\Community\VC\Tools\MSVC\14.39.33519\include\ostream(1003,9):
  or       '_Ostr &&std::operator <<(_Ostr &&,const _Ty &)'
  	C:\Munka\pr2-work\lab-05\FileName.cpp(35,7):
  	'_Ostr &&std::operator <<(_Ostr &&,const _Ty &)': could not deduce template argument for '__formal'
  		C:\Program Files\Microsoft Visual Studio\2022\Community\VC\Tools\MSVC\14.39.33519\include\ostream(1002,103):
  		'<template-parameter>': you cannot create a pointer to a reference
  C:\Program Files\Microsoft Visual Studio\2022\Community\VC\Tools\MSVC\14.39.33519\include\ostream(945,31):
  or       'std::basic_ostream<char,_Traits> &std::operator <<(std::basic_ostream<char,_Traits> &,unsigned char)'
  	C:\Munka\pr2-work\lab-05\FileName.cpp(35,32):
  	'initializing': cannot convert from 'void' to 'unsigned char'
  		C:\Munka\pr2-work\lab-05\FileName.cpp(35,32):
  		Expressions of type void cannot be converted to other types
  C:\Program Files\Microsoft Visual Studio\2022\Community\VC\Tools\MSVC\14.39.33519\include\ostream(939,31):
  or       'std::basic_ostream<char,_Traits> &std::operator <<(std::basic_ostream<char,_Traits> &,const unsigned char *)'
  	C:\Munka\pr2-work\lab-05\FileName.cpp(35,32):
  	'initializing': cannot convert from 'void' to 'const unsigned char *'
  		C:\Munka\pr2-work\lab-05\FileName.cpp(35,32):
  		Expressions of type void cannot be converted to other types
  C:\Program Files\Microsoft Visual Studio\2022\Community\VC\Tools\MSVC\14.39.33519\include\ostream(934,31):
  or       'std::basic_ostream<char,_Traits> &std::operator <<(std::basic_ostream<char,_Traits> &,signed char)'
  	C:\Munka\pr2-work\lab-05\FileName.cpp(35,32):
  	'initializing': cannot convert from 'void' to 'signed char'
  		C:\Munka\pr2-work\lab-05\FileName.cpp(35,32):
  		Expressions of type void cannot be converted to other types
  C:\Program Files\Microsoft Visual Studio\2022\Community\VC\Tools\MSVC\14.39.33519\include\ostream(928,31):
  or       'std::basic_ostream<char,_Traits> &std::operator <<(std::basic_ostream<char,_Traits> &,const signed char *)'
  	C:\Munka\pr2-work\lab-05\FileName.cpp(35,32):
  	'initializing': cannot convert from 'void' to 'const signed char *'
  		C:\Munka\pr2-work\lab-05\FileName.cpp(35,32):
  		Expressions of type void cannot be converted to other types
  C:\Program Files\Microsoft Visual Studio\2022\Community\VC\Tools\MSVC\14.39.33519\include\ostream(892,32):
  or       'std::basic_ostream<_Elem,_Traits> &std::operator <<(std::basic_ostream<_Elem,_Traits> &,_Elem)'
  	C:\Munka\pr2-work\lab-05\FileName.cpp(35,7):
  	'std::basic_ostream<_Elem,_Traits> &std::operator <<(std::basic_ostream<_Elem,_Traits> &,_Elem)': template parameter '_Elem' is ambiguous
  		C:\Munka\pr2-work\lab-05\FileName.cpp(35,7):
  		could be 'void'
  		C:\Munka\pr2-work\lab-05\FileName.cpp(35,7):
  		or       'char'
  	C:\Munka\pr2-work\lab-05\FileName.cpp(35,7):
  	'std::basic_ostream<_Elem,_Traits> &std::operator <<(std::basic_ostream<_Elem,_Traits> &,_Elem)': could not deduce template argument for '_Elem' from 'void'
  C:\Program Files\Microsoft Visual Studio\2022\Community\VC\Tools\MSVC\14.39.33519\include\ostream(849,32):
  or       'std::basic_ostream<_Elem,_Traits> &std::operator <<(std::basic_ostream<_Elem,_Traits> &,const _Elem *)'
  	C:\Munka\pr2-work\lab-05\FileName.cpp(35,7):
  	'std::basic_ostream<_Elem,_Traits> &std::operator <<(std::basic_ostream<_Elem,_Traits> &,const _Elem *)': could not deduce template argument for 'const _Elem *' from 'void'
  C:\Program Files\Microsoft Visual Studio\2022\Community\VC\Tools\MSVC\14.39.33519\include\ostream(811,31):
  or       'std::basic_ostream<char,_Traits> &std::operator <<(std::basic_ostream<char,_Traits> &,char)'
  	C:\Munka\pr2-work\lab-05\FileName.cpp(35,32):
  	'initializing': cannot convert from 'void' to 'char'
  		C:\Munka\pr2-work\lab-05\FileName.cpp(35,32):
  		Expressions of type void cannot be converted to other types
  C:\Program Files\Microsoft Visual Studio\2022\Community\VC\Tools\MSVC\14.39.33519\include\ostream(766,31):
  or       'std::basic_ostream<char,_Traits> &std::operator <<(std::basic_ostream<char,_Traits> &,const char *)'
  	C:\Munka\pr2-work\lab-05\FileName.cpp(35,32):
  	'initializing': cannot convert from 'void' to 'const char *'
  		C:\Munka\pr2-work\lab-05\FileName.cpp(35,32):
  		Expressions of type void cannot be converted to other types
  C:\Program Files\Microsoft Visual Studio\2022\Community\VC\Tools\MSVC\14.39.33519\include\ostream(730,32):
  or       'std::basic_ostream<_Elem,_Traits> &std::operator <<(std::basic_ostream<_Elem,_Traits> &,char)'
  	C:\Munka\pr2-work\lab-05\FileName.cpp(35,32):
  	'initializing': cannot convert from 'void' to 'char'
  		C:\Munka\pr2-work\lab-05\FileName.cpp(35,32):
  		Expressions of type void cannot be converted to other types
  C:\Program Files\Microsoft Visual Studio\2022\Community\VC\Tools\MSVC\14.39.33519\include\ostream(686,32):
  or       'std::basic_ostream<_Elem,_Traits> &std::operator <<(std::basic_ostream<_Elem,_Traits> &,const char *)'
  	C:\Munka\pr2-work\lab-05\FileName.cpp(35,32):
  	'initializing': cannot convert from 'void' to 'const char *'
  		C:\Munka\pr2-work\lab-05\FileName.cpp(35,32):
  		Expressions of type void cannot be converted to other types
  C:\Program Files\Microsoft Visual Studio\2022\Community\VC\Tools\MSVC\14.39.33519\include\memory(3598,32):
  or       'std::basic_ostream<_Elem,_Traits> &std::operator <<(std::basic_ostream<_Elem,_Traits> &,const std::unique_ptr<_Ty2,_Dx2> &)'
  	C:\Munka\pr2-work\lab-05\FileName.cpp(35,7):
  	'std::basic_ostream<_Elem,_Traits> &std::operator <<(std::basic_ostream<_Elem,_Traits> &,const std::unique_ptr<_Ty2,_Dx2> &)': could not deduce template argument for 'const std::unique_ptr<_Ty2,_Dx2> &' from 'void'
  C:\Program Files\Microsoft Visual Studio\2022\Community\VC\Tools\MSVC\14.39.33519\include\memory(1946,32):
  or       'std::basic_ostream<_Elem,_Traits> &std::operator <<(std::basic_ostream<_Elem,_Traits> &,const std::shared_ptr<_Ty> &)'
  	C:\Munka\pr2-work\lab-05\FileName.cpp(35,7):
  	'std::basic_ostream<_Elem,_Traits> &std::operator <<(std::basic_ostream<_Elem,_Traits> &,const std::shared_ptr<_Ty> &)': could not deduce template argument for 'const std::shared_ptr<_Ty> &' from 'void'
  C:\Program Files\Microsoft Visual Studio\2022\Community\VC\Tools\MSVC\14.39.33519\include\xstring(5228,32):
  or       'std::basic_ostream<_Elem,_Traits> &std::operator <<(std::basic_ostream<_Elem,_Traits> &,const std::basic_string<_Elem,_Traits,_Alloc> &)'
  	C:\Munka\pr2-work\lab-05\FileName.cpp(35,7):
  	'std::basic_ostream<_Elem,_Traits> &std::operator <<(std::basic_ostream<_Elem,_Traits> &,const std::basic_string<_Elem,_Traits,_Alloc> &)': could not deduce template argument for 'const std::basic_string<_Elem,_Traits,_Alloc> &' from 'void'
  C:\Munka\pr2-work\lab-05\FileName.cpp(35,7):
  while trying to match the argument list '(std::basic_ostream<char,std::char_traits<char>>, void)'
  
